<?xml version="1.0" encoding="UTF-8" ?>
<testsuite failures="0" time="0.100" errors="0" skipped="0" tests="1" name="hudson.plugins.performance.reports.UriReportTest">
  <testcase classname="hudson.plugins.performance.parsers.JUnitParserTest" name="parseWithoutTimeAttribute"/>
  <testcase time="0.100" classname="hudson.plugins.performance.parsers.JUnitParserTest" name="parseWithoutTimeAttribute"/>
  <testcase classname="hudson.plugins.performance.parsers.JUnitParserTest" name="parseWithoutTimeAttribute"/>
  <testcase time="0.100" classname="hudson.plugins.performance.parsers.JUnitParserTest" name="parseWithoutTimeAttribute"/>
</testsuite>
