<?xml version="1.0" encoding="UTF-8" ?>
<testsuite failures="0" time="0.008" errors="0" skipped="0" tests="5" name="hudson.plugins.performance.UriReportTest">
  <properties>
[...]
</properties>
  <testcase time="0.001" classname="hudson.plugins.performance.UriReportTest" name="testCountErrors"/>
  <testcase time="0.001" classname="hudson.plugins.performance.UriReportTest" name="testGetAverage"/>
  <testcase time="0.026" classname="hudson.plugins.performance.UriReportTest" name="testGetMax">
   <failure message="" type="java.lang.AssertionError">java.lang.AssertionError:
        at org.junit.Assert.fail(Assert.java:71)
   </failure>
  </testcase>
  <testcase time="0.031" classname="hudson.plugins.performance.UriReportTest" name="testGetMin"/>
  <testcase time="0.001" classname="hudson.plugins.performance.UriReportTest" name="testIsFailed"/>
</testsuite>
